[debug] [2024-05-08T13:22:40.723Z] ----------------------------------------------------------------------
[debug] [2024-05-08T13:22:40.727Z] Command:       D:\node.exe C:\Users\TEC-GATE\AppData\Roaming\npm\node_modules\firebase-tools\lib\bin\firebase.js init
[debug] [2024-05-08T13:22:40.727Z] CLI Version:   13.8.0
[debug] [2024-05-08T13:22:40.728Z] Platform:      win32
[debug] [2024-05-08T13:22:40.728Z] Node Version:  v20.11.1
[debug] [2024-05-08T13:22:40.728Z] Time:          Wed May 08 2024 16:22:40 GMT+0300 (GMT+03:00)
[debug] [2024-05-08T13:22:40.728Z] ----------------------------------------------------------------------
[debug] 
[debug] [2024-05-08T13:22:40.731Z] >>> [apiv2][query] GET https://firebase-public.firebaseio.com/cli.json [none]
[debug] [2024-05-08T13:22:40.794Z] > command requires scopes: ["email","openid","https://www.googleapis.com/auth/cloudplatformprojects.readonly","https://www.googleapis.com/auth/firebase","https://www.googleapis.com/auth/cloud-platform"]
[debug] [2024-05-08T13:22:40.794Z] > authorizing via signed-in user (hydraysh123@gmail.com)
[info] 
     ######## #### ########  ######## ########     ###     ######  ########
     ##        ##  ##     ## ##       ##     ##  ##   ##  ##       ##
     ######    ##  ########  ######   ########  #########  ######  ######
     ##        ##  ##    ##  ##       ##     ## ##     ##       ## ##
     ##       #### ##     ## ######## ########  ##     ##  ######  ########

You're about to initialize a Firebase project in this directory:

  C:\Users\TEC-GATE\Desktop\FrameWork-Projects\BMI-React\my-app

[debug] [2024-05-08T13:22:41.020Z] *** [apiv2] error from fetch(https://firebase-public.firebaseio.com/cli.json, {"headers":{},"method":"GET"}): FetchError: request to https://firebase-public.firebaseio.com/cli.json failed, reason: Client network socket disconnected before secure TLS connection was established
[warn] !  Unable to fetch the CLI MOTD and remote config. This is not a fatal error, but may indicate an issue with your network connection. 
[debug] [2024-05-08T13:22:41.022Z] Failed to fetch MOTD FirebaseError: Failed to make request to https://firebase-public.firebaseio.com/cli.json
[info] 
=== Project Setup
[info] 
[info] First, let's associate this project directory with a Firebase project.
[info] You can create multiple project aliases by running firebase use --add, 
[info] but for now we'll just set up a default project.
[info] 
[debug] [2024-05-08T13:22:46.865Z] >>> [apiv2][query] GET https://firebase.googleapis.com/v1beta1/projects pageSize=100
[debug] [2024-05-08T13:22:47.468Z] <<< [apiv2][status] GET https://firebase.googleapis.com/v1beta1/projects 403
[debug] [2024-05-08T13:22:47.468Z] <<< [apiv2][body] GET https://firebase.googleapis.com/v1beta1/projects [omitted]
[debug] [2024-05-08T13:22:47.468Z] Unable to parse JSON: SyntaxError: Unexpected token '<', "<!DOCTYPE "... is not valid JSON
[debug] [2024-05-08T13:22:47.921Z] FirebaseError: Unable to parse JSON: SyntaxError: Unexpected token '<', "<!DOCTYPE "... is not valid JSON
    at RetryOperation._fn (C:\Users\TEC-GATE\AppData\Roaming\npm\node_modules\firebase-tools\lib\apiv2.js:277:39)
    at process.processTicksAndRejections (node:internal/process/task_queues:95:5)
[error] 
[error] Error: Failed to list Firebase projects. See firebase-debug.log for more info.
